0 info it worked if it ends with ok
1 verbose cli [ 'node', '/usr/local/bin/npm', 'install', 'grunt', '-g' ]
2 info using npm@1.4.28
3 info using node@v0.10.32
4 verbose cache add [ 'grunt', null ]
5 verbose cache add name=undefined spec="grunt" args=["grunt",null]
6 verbose parsed url { protocol: null,
6 verbose parsed url   slashes: null,
6 verbose parsed url   auth: null,
6 verbose parsed url   host: null,
6 verbose parsed url   port: null,
6 verbose parsed url   hostname: null,
6 verbose parsed url   hash: null,
6 verbose parsed url   search: null,
6 verbose parsed url   query: null,
6 verbose parsed url   pathname: 'grunt',
6 verbose parsed url   path: 'grunt',
6 verbose parsed url   href: 'grunt' }
7 silly lockFile 20ff3fd8-grunt grunt
8 verbose lock grunt /Users/smithli/.npm/20ff3fd8-grunt.lock
9 silly lockFile 20ff3fd8-grunt grunt
10 silly lockFile 20ff3fd8-grunt grunt
11 verbose addNamed [ 'grunt', '' ]
12 verbose addNamed [ null, '*' ]
13 silly lockFile 55f1ff24-grunt grunt@
14 verbose lock grunt@ /Users/smithli/.npm/55f1ff24-grunt.lock
15 silly addNameRange { name: 'grunt', range: '*', hasData: false }
16 verbose request where is /grunt
17 verbose request registry https://registry.npmjs.org/
18 verbose request id 1bdcbed9ed0ca6cb
19 verbose url raw /grunt
20 verbose url resolving [ 'https://registry.npmjs.org/', './grunt' ]
21 verbose url resolved https://registry.npmjs.org/grunt
22 verbose request where is https://registry.npmjs.org/grunt
23 info trying registry request attempt 1 at 16:27:38
24 verbose etag "8EDSYB1W9D9U51WCNJHPE1VT3"
25 http GET https://registry.npmjs.org/grunt
26 info retry will retry, error on last attempt: Error: connect ENETUNREACH
27 info trying registry request attempt 2 at 16:27:53
28 verbose etag "8EDSYB1W9D9U51WCNJHPE1VT3"
29 http GET https://registry.npmjs.org/grunt
30 info retry will retry, error on last attempt: Error: connect ENETUNREACH
31 info trying registry request attempt 3 at 16:28:57
32 verbose etag "8EDSYB1W9D9U51WCNJHPE1VT3"
33 http GET https://registry.npmjs.org/grunt
34 silly registry.get cb [ 304, undefined ]
35 verbose etag https://registry.npmjs.org/grunt from cache
36 silly addNameRange number 2 { name: 'grunt', range: '*', hasData: true }
37 silly addNameRange versions [ 'grunt',
37 silly addNameRange   [ '0.1.0',
37 silly addNameRange     '0.1.1',
37 silly addNameRange     '0.1.2',
37 silly addNameRange     '0.2.0',
37 silly addNameRange     '0.2.1',
37 silly addNameRange     '0.2.2',
37 silly addNameRange     '0.2.3',
37 silly addNameRange     '0.2.4',
37 silly addNameRange     '0.2.5',
37 silly addNameRange     '0.2.6',
37 silly addNameRange     '0.2.7',
37 silly addNameRange     '0.2.8',
37 silly addNameRange     '0.2.9',
37 silly addNameRange     '0.2.10',
37 silly addNameRange     '0.2.11',
37 silly addNameRange     '0.2.12',
37 silly addNameRange     '0.2.13',
37 silly addNameRange     '0.2.14',
37 silly addNameRange     '0.2.15',
37 silly addNameRange     '0.3.0',
37 silly addNameRange     '0.3.1',
37 silly addNameRange     '0.3.2',
37 silly addNameRange     '0.3.3',
37 silly addNameRange     '0.3.4',
37 silly addNameRange     '0.3.5',
37 silly addNameRange     '0.3.6',
37 silly addNameRange     '0.3.7',
37 silly addNameRange     '0.3.8',
37 silly addNameRange     '0.3.9',
37 silly addNameRange     '0.3.10',
37 silly addNameRange     '0.3.11',
37 silly addNameRange     '0.3.12',
37 silly addNameRange     '0.3.13',
37 silly addNameRange     '0.3.14',
37 silly addNameRange     '0.3.15',
37 silly addNameRange     '0.3.16',
37 silly addNameRange     '0.3.17',
37 silly addNameRange     '0.4.0',
37 silly addNameRange     '0.4.1',
37 silly addNameRange     '0.4.2',
37 silly addNameRange     '0.4.3',
37 silly addNameRange     '0.4.4',
37 silly addNameRange     '0.4.5',
37 silly addNameRange     '0.3.13-a',
37 silly addNameRange     '0.4.0-a',
37 silly addNameRange     '0.4.0-rc1',
37 silly addNameRange     '0.4.0-rc2',
37 silly addNameRange     '0.4.0-rc3',
37 silly addNameRange     '0.4.0-rc4',
37 silly addNameRange     '0.4.0-rc5',
37 silly addNameRange     '0.4.0-rc6',
37 silly addNameRange     '0.4.0-rc7',
37 silly addNameRange     '0.4.0-rc8' ] ]
38 verbose addNamed [ 'grunt', '0.4.5' ]
39 verbose addNamed [ '0.4.5', '0.4.5' ]
40 silly lockFile 81abf7ad-grunt-0-4-5 grunt@0.4.5
41 verbose lock grunt@0.4.5 /Users/smithli/.npm/81abf7ad-grunt-0-4-5.lock
42 silly lockFile 81abf7ad-grunt-0-4-5 grunt@0.4.5
43 silly lockFile 81abf7ad-grunt-0-4-5 grunt@0.4.5
44 silly lockFile 55f1ff24-grunt grunt@
45 silly lockFile 55f1ff24-grunt grunt@
46 silly resolved [ { name: 'grunt',
46 silly resolved     description: 'The JavaScript Task Runner',
46 silly resolved     version: '0.4.5',
46 silly resolved     author: { name: '"Cowboy" Ben Alman', url: 'http://benalman.com/' },
46 silly resolved     homepage: 'http://gruntjs.com/',
46 silly resolved     repository: { type: 'git', url: 'git://github.com/gruntjs/grunt.git' },
46 silly resolved     bugs: { url: 'http://github.com/gruntjs/grunt/issues' },
46 silly resolved     licenses: [ [Object] ],
46 silly resolved     main: 'lib/grunt',
46 silly resolved     scripts: { test: 'grunt test' },
46 silly resolved     engines: { node: '>= 0.8.0' },
46 silly resolved     keywords:
46 silly resolved      [ 'task',
46 silly resolved        'async',
46 silly resolved        'cli',
46 silly resolved        'minify',
46 silly resolved        'uglify',
46 silly resolved        'build',
46 silly resolved        'lodash',
46 silly resolved        'unit',
46 silly resolved        'test',
46 silly resolved        'qunit',
46 silly resolved        'nodeunit',
46 silly resolved        'server',
46 silly resolved        'init',
46 silly resolved        'scaffold',
46 silly resolved        'make',
46 silly resolved        'jake',
46 silly resolved        'tool' ],
46 silly resolved     dependencies:
46 silly resolved      { async: '~0.1.22',
46 silly resolved        'coffee-script': '~1.3.3',
46 silly resolved        colors: '~0.6.2',
46 silly resolved        dateformat: '1.0.2-1.2.3',
46 silly resolved        eventemitter2: '~0.4.13',
46 silly resolved        'findup-sync': '~0.1.2',
46 silly resolved        glob: '~3.1.21',
46 silly resolved        hooker: '~0.2.3',
46 silly resolved        'iconv-lite': '~0.2.11',
46 silly resolved        minimatch: '~0.2.12',
46 silly resolved        nopt: '~1.0.10',
46 silly resolved        rimraf: '~2.2.8',
46 silly resolved        lodash: '~0.9.2',
46 silly resolved        'underscore.string': '~2.2.1',
46 silly resolved        which: '~1.0.5',
46 silly resolved        'js-yaml': '~2.0.5',
46 silly resolved        exit: '~0.1.1',
46 silly resolved        getobject: '~0.1.0',
46 silly resolved        'grunt-legacy-util': '~0.2.0',
46 silly resolved        'grunt-legacy-log': '~0.1.0' },
46 silly resolved     devDependencies:
46 silly resolved      { temporary: '~0.0.4',
46 silly resolved        'grunt-contrib-jshint': '~0.6.4',
46 silly resolved        'grunt-contrib-nodeunit': '~0.2.0',
46 silly resolved        'grunt-contrib-watch': '~0.5.3',
46 silly resolved        difflet: '~0.2.3',
46 silly resolved        semver: '2.1.0',
46 silly resolved        shelljs: '~0.2.5' },
46 silly resolved     _id: 'grunt@0.4.5',
46 silly resolved     dist:
46 silly resolved      { shasum: '56937cd5194324adff6d207631832a9d6ba4e7f0',
46 silly resolved        tarball: 'http://registry.npmjs.org/grunt/-/grunt-0.4.5.tgz' },
46 silly resolved     _from: 'grunt@',
46 silly resolved     _npmVersion: '1.4.4',
46 silly resolved     _npmUser: { name: 'cowboy', email: 'cowboy@rj3.net' },
46 silly resolved     maintainers: [ [Object], [Object] ],
46 silly resolved     directories: {},
46 silly resolved     _shasum: '56937cd5194324adff6d207631832a9d6ba4e7f0',
46 silly resolved     _resolved: 'https://registry.npmjs.org/grunt/-/grunt-0.4.5.tgz',
46 silly resolved     readme: 'ERROR: No README data found!' } ]
47 info install grunt@0.4.5 into /usr/local/lib
48 info installOne grunt@0.4.5
49 verbose lib/node_modules/grunt unbuild
50 verbose tar unpack /Users/smithli/.npm/grunt/0.4.5/package.tgz
51 silly lockFile d04b7634-usr-local-lib-node-modules-grunt tar:///usr/local/lib/node_modules/grunt
52 verbose lock tar:///usr/local/lib/node_modules/grunt /Users/smithli/.npm/d04b7634-usr-local-lib-node-modules-grunt.lock
53 silly lockFile 73d095d2-thli-npm-grunt-0-4-5-package-tgz tar:///Users/smithli/.npm/grunt/0.4.5/package.tgz
54 verbose lock tar:///Users/smithli/.npm/grunt/0.4.5/package.tgz /Users/smithli/.npm/73d095d2-thli-npm-grunt-0-4-5-package-tgz.lock
55 silly gunzTarPerm modes [ '755', '644' ]
56 error Error: EACCES, mkdir '/usr/local/lib/node_modules/grunt'
56 error  { [Error: EACCES, mkdir '/usr/local/lib/node_modules/grunt']
56 error   errno: 3,
56 error   code: 'EACCES',
56 error   path: '/usr/local/lib/node_modules/grunt',
56 error   fstream_type: 'Directory',
56 error   fstream_path: '/usr/local/lib/node_modules/grunt',
56 error   fstream_class: 'DirWriter',
56 error   fstream_stack:
56 error    [ '/usr/local/lib/node_modules/npm/node_modules/fstream/lib/dir-writer.js:36:23',
56 error      '/usr/local/lib/node_modules/npm/node_modules/mkdirp/index.js:46:53',
56 error      'Object.oncomplete (fs.js:107:15)' ] }
57 error Please try running this command again as root/Administrator.
58 error System Darwin 13.4.0
59 error command "node" "/usr/local/bin/npm" "install" "grunt" "-g"
60 error cwd /Users/smithli/Projects/Gists/Bond/bond sass
61 error node -v v0.10.32
62 error npm -v 1.4.28
63 error path /usr/local/lib/node_modules/grunt
64 error fstream_path /usr/local/lib/node_modules/grunt
65 error fstream_type Directory
66 error fstream_class DirWriter
67 error code EACCES
68 error errno 3
69 error stack Error: EACCES, mkdir '/usr/local/lib/node_modules/grunt'
70 error fstream_stack /usr/local/lib/node_modules/npm/node_modules/fstream/lib/dir-writer.js:36:23
70 error fstream_stack /usr/local/lib/node_modules/npm/node_modules/mkdirp/index.js:46:53
70 error fstream_stack Object.oncomplete (fs.js:107:15)
71 verbose exit [ 3, true ]
